<?xml version="1.0" encoding="UTF-8"?>
<testsuite name="scrabble.ApplicationTest" tests="1" skipped="0" failures="0" errors="0" timestamp="2019-01-10T05:46:05" hostname="cin10464.int.8451.com" time="0.001">
  <properties/>
  <testcase name="contextLoads" classname="scrabble.ApplicationTest" time="0.001"/>
  <system-out><![CDATA[2019-01-10 00:46:05.628  INFO 2372 --- [    Test worker] .b.t.c.SpringBootTestContextBootstrapper : Neither @ContextConfiguration nor @ContextHierarchy found for test class [scrabble.ApplicationTest], using SpringBootContextLoader
2019-01-10 00:46:05.629  INFO 2372 --- [    Test worker] o.s.t.c.support.AbstractContextLoader    : Could not detect default resource locations for test class [scrabble.ApplicationTest]: no resource found for suffixes {-context.xml, Context.groovy}.
2019-01-10 00:46:05.629  INFO 2372 --- [    Test worker] t.c.s.AnnotationConfigContextLoaderUtils : Could not detect default configuration classes for test class [scrabble.ApplicationTest]: ApplicationTest does not declare any static, non-private, non-final, nested classes annotated with @Configuration.
2019-01-10 00:46:05.630  INFO 2372 --- [    Test worker] .b.t.c.SpringBootTestContextBootstrapper : Found @SpringBootConfiguration scrabble.Application for test class scrabble.ApplicationTest
2019-01-10 00:46:05.631  INFO 2372 --- [    Test worker] .b.t.c.SpringBootTestContextBootstrapper : Loaded default TestExecutionListener class names from location [META-INF/spring.factories]: [org.springframework.boot.test.autoconfigure.restdocs.RestDocsTestExecutionListener, org.springframework.boot.test.autoconfigure.web.client.MockRestServiceServerResetTestExecutionListener, org.springframework.boot.test.autoconfigure.web.servlet.MockMvcPrintOnlyOnFailureTestExecutionListener, org.springframework.boot.test.autoconfigure.web.servlet.WebDriverTestExecutionListener, org.springframework.boot.test.mock.mockito.MockitoTestExecutionListener, org.springframework.boot.test.mock.mockito.ResetMocksTestExecutionListener, org.springframework.test.context.web.ServletTestExecutionListener, org.springframework.test.context.support.DirtiesContextBeforeModesTestExecutionListener, org.springframework.test.context.support.DependencyInjectionTestExecutionListener, org.springframework.test.context.support.DirtiesContextTestExecutionListener, org.springframework.test.context.transaction.TransactionalTestExecutionListener, org.springframework.test.context.jdbc.SqlScriptsTestExecutionListener]
2019-01-10 00:46:05.632  INFO 2372 --- [    Test worker] .b.t.c.SpringBootTestContextBootstrapper : Using TestExecutionListeners: [org.springframework.test.context.web.ServletTestExecutionListener@56ed9d77, org.springframework.test.context.support.DirtiesContextBeforeModesTestExecutionListener@1ee395c3, org.springframework.boot.test.mock.mockito.MockitoTestExecutionListener@68f38353, org.springframework.boot.test.autoconfigure.SpringBootDependencyInjectionTestExecutionListener@6d1fb027, org.springframework.test.context.support.DirtiesContextTestExecutionListener@57a39ed6, org.springframework.boot.test.autoconfigure.restdocs.RestDocsTestExecutionListener@556c446c, org.springframework.boot.test.autoconfigure.web.client.MockRestServiceServerResetTestExecutionListener@21f1bc89, org.springframework.boot.test.autoconfigure.web.servlet.MockMvcPrintOnlyOnFailureTestExecutionListener@31ffae18, org.springframework.boot.test.autoconfigure.web.servlet.WebDriverTestExecutionListener@7a61c3df, org.springframework.boot.test.mock.mockito.ResetMocksTestExecutionListener@4d19a7db]
]]></system-out>
  <system-err><![CDATA[]]></system-err>
</testsuite>
