<?xml version="1.0" encoding="UTF-8"?>
<testsuite name="scrabble.ApplicationTest" tests="1" skipped="0" failures="0" errors="0" timestamp="2019-01-10T23:25:17" hostname="cin10487.int.8451.com" time="0.001">
  <properties/>
  <testcase name="contextLoads" classname="scrabble.ApplicationTest" time="0.001"/>
  <system-out><![CDATA[2019-01-10 18:25:17.325  INFO 56815 --- [    Test worker] .b.t.c.SpringBootTestContextBootstrapper : Neither @ContextConfiguration nor @ContextHierarchy found for test class [scrabble.ApplicationTest], using SpringBootContextLoader
2019-01-10 18:25:17.325  INFO 56815 --- [    Test worker] o.s.t.c.support.AbstractContextLoader    : Could not detect default resource locations for test class [scrabble.ApplicationTest]: no resource found for suffixes {-context.xml, Context.groovy}.
2019-01-10 18:25:17.325  INFO 56815 --- [    Test worker] t.c.s.AnnotationConfigContextLoaderUtils : Could not detect default configuration classes for test class [scrabble.ApplicationTest]: ApplicationTest does not declare any static, non-private, non-final, nested classes annotated with @Configuration.
2019-01-10 18:25:17.326  INFO 56815 --- [    Test worker] .b.t.c.SpringBootTestContextBootstrapper : Found @SpringBootConfiguration scrabble.Application for test class scrabble.ApplicationTest
2019-01-10 18:25:17.327  INFO 56815 --- [    Test worker] .b.t.c.SpringBootTestContextBootstrapper : Loaded default TestExecutionListener class names from location [META-INF/spring.factories]: [org.springframework.boot.test.autoconfigure.restdocs.RestDocsTestExecutionListener, org.springframework.boot.test.autoconfigure.web.client.MockRestServiceServerResetTestExecutionListener, org.springframework.boot.test.autoconfigure.web.servlet.MockMvcPrintOnlyOnFailureTestExecutionListener, org.springframework.boot.test.autoconfigure.web.servlet.WebDriverTestExecutionListener, org.springframework.boot.test.mock.mockito.MockitoTestExecutionListener, org.springframework.boot.test.mock.mockito.ResetMocksTestExecutionListener, org.springframework.test.context.web.ServletTestExecutionListener, org.springframework.test.context.support.DirtiesContextBeforeModesTestExecutionListener, org.springframework.test.context.support.DependencyInjectionTestExecutionListener, org.springframework.test.context.support.DirtiesContextTestExecutionListener, org.springframework.test.context.transaction.TransactionalTestExecutionListener, org.springframework.test.context.jdbc.SqlScriptsTestExecutionListener]
2019-01-10 18:25:17.328  INFO 56815 --- [    Test worker] .b.t.c.SpringBootTestContextBootstrapper : Using TestExecutionListeners: [org.springframework.test.context.web.ServletTestExecutionListener@7be7b331, org.springframework.test.context.support.DirtiesContextBeforeModesTestExecutionListener@25a6eec1, org.springframework.boot.test.mock.mockito.MockitoTestExecutionListener@7faab81e, org.springframework.boot.test.autoconfigure.SpringBootDependencyInjectionTestExecutionListener@569b67ff, org.springframework.test.context.support.DirtiesContextTestExecutionListener@10232826, org.springframework.boot.test.autoconfigure.restdocs.RestDocsTestExecutionListener@2e10c05, org.springframework.boot.test.autoconfigure.web.client.MockRestServiceServerResetTestExecutionListener@28a13e0f, org.springframework.boot.test.autoconfigure.web.servlet.MockMvcPrintOnlyOnFailureTestExecutionListener@2588107b, org.springframework.boot.test.autoconfigure.web.servlet.WebDriverTestExecutionListener@2c636ef4, org.springframework.boot.test.mock.mockito.ResetMocksTestExecutionListener@2668de59]
]]></system-out>
  <system-err><![CDATA[]]></system-err>
</testsuite>
